Starting job at Tue 24 Feb 2026 15:11:48 NZDT
Loading required package: spatstat
Loading required package: spatstat.data
Loading required package: spatstat.univar
spatstat.univar 3.1-6
Loading required package: spatstat.geom
spatstat.geom 3.7-0
Loading required package: spatstat.random
spatstat.random 3.4-4
Loading required package: spatstat.explore
Loading required package: nlme
spatstat.explore 3.7-0
Loading required package: spatstat.model
Loading required package: rpart
spatstat.model 3.6-1
Loading required package: spatstat.linnet
spatstat.linnet 3.4-1

spatstat 3.5-1 
For an introduction to spatstat, type ‘beginner’ 

Registered S3 method overwritten by 'pROC':
  method   from            
  plot.roc spatstat.explore

Attaching package: ‘dplyr’

The following object is masked from ‘package:nlme’:

    collapse

The following objects are masked from ‘package:stats’:

    filter, lag

The following objects are masked from ‘package:base’:

    intersect, setdiff, setequal, union


Attaching package: ‘data.table’

The following objects are masked from ‘package:dplyr’:

    between, first, last

The following object is masked from ‘package:spatstat.geom’:

    shift

Loading required package: foreach
Loading required package: iterators
Loading required package: R.oo
Loading required package: R.methodsS3
R.methodsS3 v1.8.2 (2022-06-13 22:00:14 UTC) successfully loaded. See ?R.methodsS3 for help.
R.oo v1.25.0 (2022-06-12 02:20:02 UTC) successfully loaded. See ?R.oo for help.

Attaching package: ‘R.oo’

The following object is masked from ‘package:R.methodsS3’:

    throw

The following objects are masked from ‘package:methods’:

    getClasses, getMethods

The following objects are masked from ‘package:base’:

    attach, detach, load, save

R.utils v2.12.2 (2022-11-11 22:00:03 UTC) successfully loaded. See ?R.utils for help.

Attaching package: ‘R.utils’

The following object is masked from ‘package:utils’:

    timestamp

The following objects are masked from ‘package:base’:

    cat, commandArgs, getOption, isOpen, nullfile, parse, warnings

Loading required package: lattice

Attaching package: ‘lattice’

The following object is masked from ‘package:spatstat.model’:

    panel.histogram

The following object is masked from ‘package:spatstat.explore’:

    panel.histogram


Attaching package: ‘reshape2’

The following objects are masked from ‘package:data.table’:

    dcast, melt


Attaching package: ‘gridExtra’

The following object is masked from ‘package:dplyr’:

    combine


Attaching package: ‘scales’

The following object is masked from ‘package:spatstat.geom’:

    rescale

=== Simulation Study Config ===
  Mode: CLUSTER 
  Cores: 100  Sims: 100 
  Omega: 0 100 0 100  T: 110  t*: 10 
  Grid: 10 x 10 
  Save: /nesi/project/uoo04008/Duncan/causal_pp/PPDisentangle/cluster_output 
  EM-style: iter=100 n_props=10 | SEM adaptive: iter=100 n_props=10 | SEM full: N_iter=10 N_labellings=10
===============================
True all/nothing ATE: -30 
Computing true tau_i ... 3.8 s
True one-flip ATE: -0.0284 
Generating 100 observed datasets ... 1.2 s
Points per sim: 2107, 2530, 1961, 2436, 2257, 2546, 2543, 2258, 2422, 2221, 2175, 2132, 2114, 2436, 2238, 2489, 2469, 2713, 2405, 2527, 2107, 2401, 2504, 2438, 2085, 2533, 2345, 2372, 2267, 2421, 2275, 2102, 2543, 2156, 2221, 2349, 2225, 2010, 2384, 2148, 1961, 2358, 2575, 2128, 2443, 2528, 2596, 2606, 2323, 2701, 2211, 2550, 2474, 2156, 2437, 2232, 2386, 2191, 2435, 2647, 2302, 2352, 3004, 2434, 2532, 2157, 2220, 2344, 2399, 2138, 2334, 2231, 2353, 2330, 2469, 2221, 2368, 2214, 2285, 2397, 2237, 2075, 2584, 2517, 2167, 2664, 2147, 2488, 2157, 2233, 2141, 2581, 2376, 2220, 2532, 2399, 2631, 2452, 2092, 2388 
Computing oracle and naive labellings ...
Generating 100 labelling proposals per sim ... 220.7 s
Running EM-style labelling ... 42.7 s
Running adaptive SEM ... 127 s

=== Classification Accuracy ===
    method mean_accuracy
1   oracle     1.0000000
2    naive     0.7250767
3     best     0.7489586
4 EM_style     0.7799145
5  EM_full     0.7802872
Estimating ATEs ... 368.9 s

=== ATE Results ===
# A tibble: 4 × 5
  labelling mean_all_nothing mean_tau1 mean_ATE_total mean_ATE_naive
  <chr>                <dbl>     <dbl>          <dbl>          <dbl>
1 EM_full             -15.3     0.275           -1.92          -1.93
2 EM_style            -14.4    -0.0185          -2.06          -2.07
3 best                -12.4    -1.72            -1.48          -1.48
4 naive                -2.10    0.0611          -1.90          -1.90

True all/nothing ATE: -30 
True one-flip ATE:   -0.0284 

Building plots ... done.
Plots stored in sim_study_plots: plot_pp_post, plot_pp_pre, plot_control_params, plot_treated_params, plot_all_nothing_ATE, plot_points_per_tile, plot_one_flip_ATE, draw_control_params_combined, draw_treated_params_combined 
  To print combined param plots after load: x <- readRDS(...); x$plots$draw_control_params_combined(); x$plots$draw_treated_params_combined()
Results saved to: /nesi/project/uoo04008/Duncan/causal_pp/PPDisentangle/cluster_output/sim_study_results_20260224_152448.rds 
Timing report written to: /nesi/project/uoo04008/Duncan/causal_pp/PPDisentangle/cluster_output/sim_study_timing_4714113.txt 
Finished job at Tue 24 Feb 2026 15:24:52 NZDT
